<?xml version="1.0" encoding="UTF-8"?>
<testsuite xmlns:xsi="http://www.w3.org/2001/XMLSchema-instance" xsi:noNamespaceSchemaLocation="https://maven.apache.org/surefire/maven-surefire-plugin/xsd/surefire-test-report.xsd" name="org.example.SimpleLanguageTest" time="4.515" tests="2" errors="0" skipped="0" failures="1">
  <properties>
    <property name="java.specification.version" value="17"/>
    <property name="sun.jnu.encoding" value="UTF-8"/>
    <property name="java.class.path" value="/Users/aevangelista/test-simple/target/test-classes:/Users/aevangelista/test-simple/target/classes:/Users/aevangelista/.m2/repository/org/apache/camel/camel-core/4.0.0-M1/camel-core-4.0.0-M1.jar:/Users/aevangelista/.m2/repository/org/apache/camel/camel-core-engine/4.0.0-M1/camel-core-engine-4.0.0-M1.jar:/Users/aevangelista/.m2/repository/org/apache/camel/camel-api/4.0.0-M1/camel-api-4.0.0-M1.jar:/Users/aevangelista/.m2/repository/org/apache/camel/camel-base-engine/4.0.0-M1/camel-base-engine-4.0.0-M1.jar:/Users/aevangelista/.m2/repository/org/apache/camel/camel-base/4.0.0-M1/camel-base-4.0.0-M1.jar:/Users/aevangelista/.m2/repository/org/apache/camel/camel-core-reifier/4.0.0-M1/camel-core-reifier-4.0.0-M1.jar:/Users/aevangelista/.m2/repository/org/apache/camel/camel-core-processor/4.0.0-M1/camel-core-processor-4.0.0-M1.jar:/Users/aevangelista/.m2/repository/org/apache/camel/camel-management-api/4.0.0-M1/camel-management-api-4.0.0-M1.jar:/Users/aevangelista/.m2/repository/org/apache/camel/camel-support/4.0.0-M1/camel-support-4.0.0-M1.jar:/Users/aevangelista/.m2/repository/org/apache/camel/camel-util/4.0.0-M1/camel-util-4.0.0-M1.jar:/Users/aevangelista/.m2/repository/org/apache/camel/camel-core-languages/4.0.0-M1/camel-core-languages-4.0.0-M1.jar:/Users/aevangelista/.m2/repository/org/apache/camel/camel-core-model/4.0.0-M1/camel-core-model-4.0.0-M1.jar:/Users/aevangelista/.m2/repository/org/apache/camel/camel-bean/4.0.0-M1/camel-bean-4.0.0-M1.jar:/Users/aevangelista/.m2/repository/org/apache/camel/camel-browse/4.0.0-M1/camel-browse-4.0.0-M1.jar:/Users/aevangelista/.m2/repository/org/apache/camel/camel-cluster/4.0.0-M1/camel-cluster-4.0.0-M1.jar:/Users/aevangelista/.m2/repository/org/apache/camel/camel-controlbus/4.0.0-M1/camel-controlbus-4.0.0-M1.jar:/Users/aevangelista/.m2/repository/org/apache/camel/camel-dataformat/4.0.0-M1/camel-dataformat-4.0.0-M1.jar:/Users/aevangelista/.m2/repository/org/apache/camel/camel-dataset/4.0.0-M1/camel-dataset-4.0.0-M1.jar:/Users/aevangelista/.m2/repository/org/apache/camel/camel-direct/4.0.0-M1/camel-direct-4.0.0-M1.jar:/Users/aevangelista/.m2/repository/org/apache/camel/camel-directvm/4.0.0-M1/camel-directvm-4.0.0-M1.jar:/Users/aevangelista/.m2/repository/org/apache/camel/camel-file/4.0.0-M1/camel-file-4.0.0-M1.jar:/Users/aevangelista/.m2/repository/org/apache/camel/camel-health/4.0.0-M1/camel-health-4.0.0-M1.jar:/Users/aevangelista/.m2/repository/org/apache/camel/camel-language/4.0.0-M1/camel-language-4.0.0-M1.jar:/Users/aevangelista/.m2/repository/org/apache/camel/camel-log/4.0.0-M1/camel-log-4.0.0-M1.jar:/Users/aevangelista/.m2/repository/org/apache/camel/camel-mock/4.0.0-M1/camel-mock-4.0.0-M1.jar:/Users/aevangelista/.m2/repository/org/apache/camel/camel-ref/4.0.0-M1/camel-ref-4.0.0-M1.jar:/Users/aevangelista/.m2/repository/org/apache/camel/camel-rest/4.0.0-M1/camel-rest-4.0.0-M1.jar:/Users/aevangelista/.m2/repository/org/apache/camel/camel-tooling-model/4.0.0-M1/camel-tooling-model-4.0.0-M1.jar:/Users/aevangelista/.m2/repository/org/apache/camel/camel-util-json/4.0.0-M1/camel-util-json-4.0.0-M1.jar:/Users/aevangelista/.m2/repository/org/apache/camel/camel-saga/4.0.0-M1/camel-saga-4.0.0-M1.jar:/Users/aevangelista/.m2/repository/org/apache/camel/camel-scheduler/4.0.0-M1/camel-scheduler-4.0.0-M1.jar:/Users/aevangelista/.m2/repository/org/apache/camel/camel-seda/4.0.0-M1/camel-seda-4.0.0-M1.jar:/Users/aevangelista/.m2/repository/org/apache/camel/camel-stub/4.0.0-M1/camel-stub-4.0.0-M1.jar:/Users/aevangelista/.m2/repository/org/apache/camel/camel-timer/4.0.0-M1/camel-timer-4.0.0-M1.jar:/Users/aevangelista/.m2/repository/org/apache/camel/camel-validator/4.0.0-M1/camel-validator-4.0.0-M1.jar:/Users/aevangelista/.m2/repository/org/apache/camel/camel-vm/4.0.0-M1/camel-vm-4.0.0-M1.jar:/Users/aevangelista/.m2/repository/org/apache/camel/camel-xpath/4.0.0-M1/camel-xpath-4.0.0-M1.jar:/Users/aevangelista/.m2/repository/org/apache/camel/camel-xslt/4.0.0-M1/camel-xslt-4.0.0-M1.jar:/Users/aevangelista/.m2/repository/org/apache/camel/camel-xml-jaxb/4.0.0-M1/camel-xml-jaxb-4.0.0-M1.jar:/Users/aevangelista/.m2/repository/jakarta/xml/bind/jakarta.xml.bind-api/4.0.0/jakarta.xml.bind-api-4.0.0.jar:/Users/aevangelista/.m2/repository/jakarta/activation/jakarta.activation-api/2.1.0/jakarta.activation-api-2.1.0.jar:/Users/aevangelista/.m2/repository/com/sun/xml/bind/jaxb-core/4.0.1/jaxb-core-4.0.1.jar:/Users/aevangelista/.m2/repository/org/eclipse/angus/angus-activation/1.0.0/angus-activation-1.0.0.jar:/Users/aevangelista/.m2/repository/com/sun/xml/bind/jaxb-impl/4.0.1/jaxb-impl-4.0.1.jar:/Users/aevangelista/.m2/repository/org/apache/camel/camel-xml-jaxp/4.0.0-M1/camel-xml-jaxp-4.0.0-M1.jar:/Users/aevangelista/.m2/repository/org/apache/camel/camel-xml-io-util/4.0.0-M1/camel-xml-io-util-4.0.0-M1.jar:/Users/aevangelista/.m2/repository/org/slf4j/slf4j-api/2.0.6/slf4j-api-2.0.6.jar:/Users/aevangelista/.m2/repository/org/apache/camel/camel-test-junit5/4.0.0-M1/camel-test-junit5-4.0.0-M1.jar:/Users/aevangelista/.m2/repository/org/junit/jupiter/junit-jupiter-api/5.9.2/junit-jupiter-api-5.9.2.jar:/Users/aevangelista/.m2/repository/org/opentest4j/opentest4j/1.2.0/opentest4j-1.2.0.jar:/Users/aevangelista/.m2/repository/org/junit/platform/junit-platform-commons/1.9.2/junit-platform-commons-1.9.2.jar:/Users/aevangelista/.m2/repository/org/apiguardian/apiguardian-api/1.1.2/apiguardian-api-1.1.2.jar:/Users/aevangelista/.m2/repository/org/junit/jupiter/junit-jupiter-engine/5.9.2/junit-jupiter-engine-5.9.2.jar:/Users/aevangelista/.m2/repository/org/junit/platform/junit-platform-engine/1.9.2/junit-platform-engine-1.9.2.jar:/Users/aevangelista/.m2/repository/org/junit/jupiter/junit-jupiter-params/5.9.2/junit-jupiter-params-5.9.2.jar:"/>
    <property name="java.vm.vendor" value="Homebrew"/>
    <property name="sun.arch.data.model" value="64"/>
    <property name="java.vendor.url" value="https://github.com/Homebrew/homebrew-core/issues"/>
    <property name="os.name" value="Mac OS X"/>
    <property name="java.vm.specification.version" value="17"/>
    <property name="sun.java.launcher" value="SUN_STANDARD"/>
    <property name="user.country" value="IT"/>
    <property name="sun.boot.library.path" value="/opt/homebrew/Cellar/openjdk@17/17.0.4.1_1/libexec/openjdk.jdk/Contents/Home/lib"/>
    <property name="sun.java.command" value="/Users/aevangelista/test-simple/target/surefire/surefirebooter11434418042788236890.jar /Users/aevangelista/test-simple/target/surefire 2023-02-10T17-04-47_232-jvmRun1 surefire4744589104577809899tmp surefire_0238022333824057767tmp"/>
    <property name="http.nonProxyHosts" value="local|*.local|169.254/16|*.169.254/16"/>
    <property name="jdk.debug" value="release"/>
    <property name="test" value="SimpleLanguageTest"/>
    <property name="surefire.test.class.path" value="/Users/aevangelista/test-simple/target/test-classes:/Users/aevangelista/test-simple/target/classes:/Users/aevangelista/.m2/repository/org/apache/camel/camel-core/4.0.0-M1/camel-core-4.0.0-M1.jar:/Users/aevangelista/.m2/repository/org/apache/camel/camel-core-engine/4.0.0-M1/camel-core-engine-4.0.0-M1.jar:/Users/aevangelista/.m2/repository/org/apache/camel/camel-api/4.0.0-M1/camel-api-4.0.0-M1.jar:/Users/aevangelista/.m2/repository/org/apache/camel/camel-base-engine/4.0.0-M1/camel-base-engine-4.0.0-M1.jar:/Users/aevangelista/.m2/repository/org/apache/camel/camel-base/4.0.0-M1/camel-base-4.0.0-M1.jar:/Users/aevangelista/.m2/repository/org/apache/camel/camel-core-reifier/4.0.0-M1/camel-core-reifier-4.0.0-M1.jar:/Users/aevangelista/.m2/repository/org/apache/camel/camel-core-processor/4.0.0-M1/camel-core-processor-4.0.0-M1.jar:/Users/aevangelista/.m2/repository/org/apache/camel/camel-management-api/4.0.0-M1/camel-management-api-4.0.0-M1.jar:/Users/aevangelista/.m2/repository/org/apache/camel/camel-support/4.0.0-M1/camel-support-4.0.0-M1.jar:/Users/aevangelista/.m2/repository/org/apache/camel/camel-util/4.0.0-M1/camel-util-4.0.0-M1.jar:/Users/aevangelista/.m2/repository/org/apache/camel/camel-core-languages/4.0.0-M1/camel-core-languages-4.0.0-M1.jar:/Users/aevangelista/.m2/repository/org/apache/camel/camel-core-model/4.0.0-M1/camel-core-model-4.0.0-M1.jar:/Users/aevangelista/.m2/repository/org/apache/camel/camel-bean/4.0.0-M1/camel-bean-4.0.0-M1.jar:/Users/aevangelista/.m2/repository/org/apache/camel/camel-browse/4.0.0-M1/camel-browse-4.0.0-M1.jar:/Users/aevangelista/.m2/repository/org/apache/camel/camel-cluster/4.0.0-M1/camel-cluster-4.0.0-M1.jar:/Users/aevangelista/.m2/repository/org/apache/camel/camel-controlbus/4.0.0-M1/camel-controlbus-4.0.0-M1.jar:/Users/aevangelista/.m2/repository/org/apache/camel/camel-dataformat/4.0.0-M1/camel-dataformat-4.0.0-M1.jar:/Users/aevangelista/.m2/repository/org/apache/camel/camel-dataset/4.0.0-M1/camel-dataset-4.0.0-M1.jar:/Users/aevangelista/.m2/repository/org/apache/camel/camel-direct/4.0.0-M1/camel-direct-4.0.0-M1.jar:/Users/aevangelista/.m2/repository/org/apache/camel/camel-directvm/4.0.0-M1/camel-directvm-4.0.0-M1.jar:/Users/aevangelista/.m2/repository/org/apache/camel/camel-file/4.0.0-M1/camel-file-4.0.0-M1.jar:/Users/aevangelista/.m2/repository/org/apache/camel/camel-health/4.0.0-M1/camel-health-4.0.0-M1.jar:/Users/aevangelista/.m2/repository/org/apache/camel/camel-language/4.0.0-M1/camel-language-4.0.0-M1.jar:/Users/aevangelista/.m2/repository/org/apache/camel/camel-log/4.0.0-M1/camel-log-4.0.0-M1.jar:/Users/aevangelista/.m2/repository/org/apache/camel/camel-mock/4.0.0-M1/camel-mock-4.0.0-M1.jar:/Users/aevangelista/.m2/repository/org/apache/camel/camel-ref/4.0.0-M1/camel-ref-4.0.0-M1.jar:/Users/aevangelista/.m2/repository/org/apache/camel/camel-rest/4.0.0-M1/camel-rest-4.0.0-M1.jar:/Users/aevangelista/.m2/repository/org/apache/camel/camel-tooling-model/4.0.0-M1/camel-tooling-model-4.0.0-M1.jar:/Users/aevangelista/.m2/repository/org/apache/camel/camel-util-json/4.0.0-M1/camel-util-json-4.0.0-M1.jar:/Users/aevangelista/.m2/repository/org/apache/camel/camel-saga/4.0.0-M1/camel-saga-4.0.0-M1.jar:/Users/aevangelista/.m2/repository/org/apache/camel/camel-scheduler/4.0.0-M1/camel-scheduler-4.0.0-M1.jar:/Users/aevangelista/.m2/repository/org/apache/camel/camel-seda/4.0.0-M1/camel-seda-4.0.0-M1.jar:/Users/aevangelista/.m2/repository/org/apache/camel/camel-stub/4.0.0-M1/camel-stub-4.0.0-M1.jar:/Users/aevangelista/.m2/repository/org/apache/camel/camel-timer/4.0.0-M1/camel-timer-4.0.0-M1.jar:/Users/aevangelista/.m2/repository/org/apache/camel/camel-validator/4.0.0-M1/camel-validator-4.0.0-M1.jar:/Users/aevangelista/.m2/repository/org/apache/camel/camel-vm/4.0.0-M1/camel-vm-4.0.0-M1.jar:/Users/aevangelista/.m2/repository/org/apache/camel/camel-xpath/4.0.0-M1/camel-xpath-4.0.0-M1.jar:/Users/aevangelista/.m2/repository/org/apache/camel/camel-xslt/4.0.0-M1/camel-xslt-4.0.0-M1.jar:/Users/aevangelista/.m2/repository/org/apache/camel/camel-xml-jaxb/4.0.0-M1/camel-xml-jaxb-4.0.0-M1.jar:/Users/aevangelista/.m2/repository/jakarta/xml/bind/jakarta.xml.bind-api/4.0.0/jakarta.xml.bind-api-4.0.0.jar:/Users/aevangelista/.m2/repository/jakarta/activation/jakarta.activation-api/2.1.0/jakarta.activation-api-2.1.0.jar:/Users/aevangelista/.m2/repository/com/sun/xml/bind/jaxb-core/4.0.1/jaxb-core-4.0.1.jar:/Users/aevangelista/.m2/repository/org/eclipse/angus/angus-activation/1.0.0/angus-activation-1.0.0.jar:/Users/aevangelista/.m2/repository/com/sun/xml/bind/jaxb-impl/4.0.1/jaxb-impl-4.0.1.jar:/Users/aevangelista/.m2/repository/org/apache/camel/camel-xml-jaxp/4.0.0-M1/camel-xml-jaxp-4.0.0-M1.jar:/Users/aevangelista/.m2/repository/org/apache/camel/camel-xml-io-util/4.0.0-M1/camel-xml-io-util-4.0.0-M1.jar:/Users/aevangelista/.m2/repository/org/slf4j/slf4j-api/2.0.6/slf4j-api-2.0.6.jar:/Users/aevangelista/.m2/repository/org/apache/camel/camel-test-junit5/4.0.0-M1/camel-test-junit5-4.0.0-M1.jar:/Users/aevangelista/.m2/repository/org/junit/jupiter/junit-jupiter-api/5.9.2/junit-jupiter-api-5.9.2.jar:/Users/aevangelista/.m2/repository/org/opentest4j/opentest4j/1.2.0/opentest4j-1.2.0.jar:/Users/aevangelista/.m2/repository/org/junit/platform/junit-platform-commons/1.9.2/junit-platform-commons-1.9.2.jar:/Users/aevangelista/.m2/repository/org/apiguardian/apiguardian-api/1.1.2/apiguardian-api-1.1.2.jar:/Users/aevangelista/.m2/repository/org/junit/jupiter/junit-jupiter-engine/5.9.2/junit-jupiter-engine-5.9.2.jar:/Users/aevangelista/.m2/repository/org/junit/platform/junit-platform-engine/1.9.2/junit-platform-engine-1.9.2.jar:/Users/aevangelista/.m2/repository/org/junit/jupiter/junit-jupiter-params/5.9.2/junit-jupiter-params-5.9.2.jar:"/>
    <property name="sun.cpu.endian" value="little"/>
    <property name="user.home" value="/Users/aevangelista"/>
    <property name="user.language" value="en"/>
    <property name="java.specification.vendor" value="Oracle Corporation"/>
    <property name="java.version.date" value="2022-08-12"/>
    <property name="java.home" value="/opt/homebrew/Cellar/openjdk@17/17.0.4.1_1/libexec/openjdk.jdk/Contents/Home"/>
    <property name="file.separator" value="/"/>
    <property name="basedir" value="/Users/aevangelista/test-simple"/>
    <property name="java.vm.compressedOopsMode" value="Zero based"/>
    <property name="line.separator" value="&#10;"/>
    <property name="java.vm.specification.vendor" value="Oracle Corporation"/>
    <property name="java.specification.name" value="Java Platform API Specification"/>
    <property name="surefire.real.class.path" value="/Users/aevangelista/test-simple/target/surefire/surefirebooter11434418042788236890.jar"/>
    <property name="sun.management.compiler" value="HotSpot 64-Bit Tiered Compilers"/>
    <property name="ftp.nonProxyHosts" value="local|*.local|169.254/16|*.169.254/16"/>
    <property name="java.runtime.version" value="17.0.4.1+1"/>
    <property name="user.name" value="aevangelista"/>
    <property name="path.separator" value=":"/>
    <property name="os.version" value="12.1"/>
    <property name="java.runtime.name" value="OpenJDK Runtime Environment"/>
    <property name="file.encoding" value="UTF-8"/>
    <property name="java.vm.name" value="OpenJDK 64-Bit Server VM"/>
    <property name="java.vendor.version" value="Homebrew"/>
    <property name="localRepository" value="/Users/aevangelista/.m2/repository"/>
    <property name="java.vendor.url.bug" value="https://github.com/Homebrew/homebrew-core/issues"/>
    <property name="java.io.tmpdir" value="/var/folders/wh/dtsfdkr114b38389c_hx1c0w0000gn/T/"/>
    <property name="java.version" value="17.0.4.1"/>
    <property name="user.dir" value="/Users/aevangelista/test-simple"/>
    <property name="os.arch" value="aarch64"/>
    <property name="java.vm.specification.name" value="Java Virtual Machine Specification"/>
    <property name="native.encoding" value="UTF-8"/>
    <property name="java.library.path" value="/Users/aevangelista/Library/Java/Extensions:/Library/Java/Extensions:/Network/Library/Java/Extensions:/System/Library/Java/Extensions:/usr/lib/java:."/>
    <property name="java.vm.info" value="mixed mode, sharing"/>
    <property name="java.vendor" value="Homebrew"/>
    <property name="java.vm.version" value="17.0.4.1+1"/>
    <property name="sun.io.unicode.encoding" value="UnicodeBig"/>
    <property name="socksNonProxyHosts" value="local|*.local|169.254/16|*.169.254/16"/>
    <property name="java.class.version" value="61.0"/>
  </properties>
  <testcase name="whenSimpleLanguageUseCachedEntriesItWillFail" classname="org.example.SimpleLanguageTest" time="3.482">
    <failure message="expected: &lt;This is a test a with startLabel: `Document` endLabel: `Document` and label: `ALabel`&gt; but was: &lt;This is a test a with startLabel: `This is a test a with startLabel: `DocumentDocument` endLabel: `` endLabel: `DocumentDocumentnullALabel``&gt;" type="org.opentest4j.AssertionFailedError"><![CDATA[org.opentest4j.AssertionFailedError: expected: <This is a test a with startLabel: `Document` endLabel: `Document` and label: `ALabel`> but was: <This is a test a with startLabel: `This is a test a with startLabel: `DocumentDocument` endLabel: `` endLabel: `DocumentDocumentnullALabel``>
	at org.example.SimpleLanguageTest.lambda$whenSimpleLanguageUseCachedEntriesItWillFail$1(SimpleLanguageTest.java:53)
	at org.example.SimpleLanguageTest.whenSimpleLanguageUseCachedEntriesItWillFail(SimpleLanguageTest.java:53)
]]></failure>
    <system-err><![CDATA[SLF4J: No SLF4J providers were found.
SLF4J: Defaulting to no-operation (NOP) logger implementation
SLF4J: See https://www.slf4j.org/codes.html#noProviders for further details.
]]></system-err>
  </testcase>
  <testcase name="whenSimpleLanguageNotUseCachedEntriesItWillNotFail" classname="org.example.SimpleLanguageTest" time="1.021"/>
</testsuite>